============================= test session starts =============================
platform win32 -- Python 3.12.10, pytest-9.0.2, pluggy-1.6.0
rootdir: C:\Users\polak\research\competitive
plugins: anyio-4.12.1
collected 1 item

tests\test_suitability.py F                                              [100%]

================================== FAILURES ===================================
____________________ TestUSP.test_usp_tfidf_dispute_found _____________________

self = <tests.test_suitability.TestUSP object at 0x00000224474212E0>

    def test_usp_tfidf_dispute_found(self):
        """Feature name overlap -> disputed feature."""
        with patch("modules.USP.requests.post") as mock_post:
            # Page text must strongly overlap the query text "FeatureA Does X"
            # to exceed the 0.65 threshold deterministically
            mock_post.side_effect = [
                _make_tavily_response("FeatureA Does X"),
                _make_tavily_response("nothing"),
                _make_tavily_response("nothing"),
            ]
            from modules import USP
            result = USP.compute_usp_score(
                feature_list=["X"], unique_feature_list=[{"feature_name": "FeatureA", "description": "Does X"}],
                competitors=_COMPETITORS, tavily_api_key="k"
            )
        assert result["USP_Score"] == 0.0
        assert len(result["disputed_features"]) == 1
>       assert result["disputed_features"][0]["feature_name"] == "FeatureA"
               ^^^^^^^^^^^^^^^^^^^^^^^^^^^^^^^^^^^^^^^^^^^^^^
E       KeyError: 'feature_name'

tests\test_suitability.py:158: KeyError
=========================== short test summary info ===========================
FAILED tests/test_suitability.py::TestUSP::test_usp_tfidf_dispute_found - Key...
============================== 1 failed in 3.60s ==============================
